# JRE version: OpenJDK Runtime Environment (11.0.10) (build 11.0.10+0-b96-7249189)
# Java VM: OpenJDK 64-Bit Server VM (11.0.10+0-b96-7249189, mixed mode, tiered, compressed oops, g1 gc, windows-amd64)
Heap:
 garbage-first heap   total 762880K, used 219008K [0x0000000080000000, 0x0000000100000000)
  region size 1024K, 4 young (4096K), 4 survivors (4096K)
 Metaspace       used 117929K, capacity 120846K, committed 120960K, reserved 1155072K
  class space    used 14603K, capacity 15712K, committed 15744K, reserved 1048576K
GC Heap History (20 events):
Event: 147.922 GC heap after
{Heap after GC invocations=92 (full 0):
 garbage-first heap   total 366592K, used 163269K [0x0000000080000000, 0x0000000100000000)
  region size 1024K, 3 young (3072K), 3 survivors (3072K)
 Metaspace       used 115328K, capacity 118215K, committed 118400K, reserved 1153024K
  class space    used 14332K, capacity 15424K, committed 15488K, reserved 1048576K
}
Event: 148.183 GC heap before
{Heap before GC invocations=92 (full 0):
 garbage-first heap   total 366592K, used 176581K [0x0000000080000000, 0x0000000100000000)
  region size 1024K, 17 young (17408K), 3 survivors (3072K)
 Metaspace       used 115579K, capacity 118407K, committed 118656K, reserved 1153024K
  class space    used 14361K, capacity 15424K, committed 15488K, reserved 1048576K
}
Event: 148.333 GC heap after
{Heap after GC invocations=93 (full 0):
 garbage-first heap   total 436224K, used 160361K [0x0000000080000000, 0x0000000100000000)
  region size 1024K, 3 young (3072K), 3 survivors (3072K)
 Metaspace       used 115579K, capacity 118407K, committed 118656K, reserved 1153024K
  class space    used 14361K, capacity 15424K, committed 15488K, reserved 1048576K
}
Event: 148.884 GC heap before
{Heap before GC invocations=93 (full 0):
 garbage-first heap   total 436224K, used 179817K [0x0000000080000000, 0x0000000100000000)
  region size 1024K, 21 young (21504K), 3 survivors (3072K)
 Metaspace       used 116049K, capacity 118989K, committed 119296K, reserved 1153024K
  class space    used 14426K, capacity 15534K, committed 15616K, reserved 1048576K
}
Event: 149.138 GC heap after
{Heap after GC invocations=94 (full 0):
 garbage-first heap   total 436224K, used 166400K [0x0000000080000000, 0x0000000100000000)
  region size 1024K, 3 young (3072K), 3 survivors (3072K)
 Metaspace       used 116049K, capacity 118989K, committed 119296K, reserved 1153024K
  class space    used 14426K, capacity 15534K, committed 15616K, reserved 1048576K
}
Event: 150.417 GC heap before
{Heap before GC invocations=94 (full 0):
 garbage-first heap   total 436224K, used 184832K [0x0000000080000000, 0x0000000100000000)
  region size 1024K, 21 young (21504K), 3 survivors (3072K)
 Metaspace       used 116648K, capacity 119551K, committed 119808K, reserved 1153024K
  class space    used 14470K, capacity 15568K, committed 15616K, reserved 1048576K
}
Event: 150.497 GC heap after
{Heap after GC invocations=95 (full 0):
 garbage-first heap   total 436224K, used 174079K [0x0000000080000000, 0x0000000100000000)
  region size 1024K, 3 young (3072K), 3 survivors (3072K)
 Metaspace       used 116648K, capacity 119551K, committed 119808K, reserved 1153024K
  class space    used 14470K, capacity 15568K, committed 15616K, reserved 1048576K
}
Event: 150.995 GC heap before
{Heap before GC invocations=95 (full 0):
 garbage-first heap   total 436224K, used 191487K [0x0000000080000000, 0x0000000100000000)
  region size 1024K, 21 young (21504K), 3 survivors (3072K)
 Metaspace       used 117013K, capacity 119905K, committed 120064K, reserved 1153024K
  class space    used 14503K, capacity 15600K, committed 15616K, reserved 1048576K
}
Event: 151.048 GC heap after
{Heap after GC invocations=96 (full 0):
 garbage-first heap   total 436224K, used 182272K [0x0000000080000000, 0x0000000100000000)
  region size 1024K, 3 young (3072K), 3 survivors (3072K)
 Metaspace       used 117013K, capacity 119905K, committed 120064K, reserved 1153024K
  class space    used 14503K, capacity 15600K, committed 15616K, reserved 1048576K
}
Event: 151.669 GC heap before
{Heap before GC invocations=96 (full 0):
 garbage-first heap   total 436224K, used 200704K [0x0000000080000000, 0x0000000100000000)
  region size 1024K, 21 young (21504K), 3 survivors (3072K)
 Metaspace       used 117270K, capacity 120193K, committed 120448K, reserved 1155072K
  class space    used 14528K, capacity 15632K, committed 15744K, reserved 1048576K
}
Event: 151.731 GC heap after
{Heap after GC invocations=97 (full 0):
 garbage-first heap   total 436224K, used 190464K [0x0000000080000000, 0x0000000100000000)
  region size 1024K, 3 young (3072K), 3 survivors (3072K)
 Metaspace       used 117270K, capacity 120193K, committed 120448K, reserved 1155072K
  class space    used 14528K, capacity 15632K, committed 15744K, reserved 1048576K
}
Event: 152.153 GC heap before
{Heap before GC invocations=97 (full 0):
 garbage-first heap   total 436224K, used 211968K [0x0000000080000000, 0x0000000100000000)
  region size 1024K, 24 young (24576K), 3 survivors (3072K)
 Metaspace       used 117485K, capacity 120385K, committed 120704K, reserved 1155072K
  class space    used 14551K, capacity 15632K, committed 15744K, reserved 1048576K
}
Event: 152.226 GC heap after
{Heap after GC invocations=98 (full 0):
 garbage-first heap   total 608256K, used 200704K [0x0000000080000000, 0x0000000100000000)
  region size 1024K, 3 young (3072K), 3 survivors (3072K)
 Metaspace       used 117485K, capacity 120385K, committed 120704K, reserved 1155072K
  class space    used 14551K, capacity 15632K, committed 15744K, reserved 1048576K
}
Event: 153.394 GC heap before
{Heap before GC invocations=98 (full 0):
 garbage-first heap   total 608256K, used 227328K [0x0000000080000000, 0x0000000100000000)
  region size 1024K, 29 young (29696K), 3 survivors (3072K)
 Metaspace       used 117827K, capacity 120757K, committed 120960K, reserved 1155072K
  class space    used 14595K, capacity 15707K, committed 15744K, reserved 1048576K
}
Event: 153.525 GC heap after
{Heap after GC invocations=99 (full 0):
 garbage-first heap   total 608256K, used 210432K [0x0000000080000000, 0x0000000100000000)
  region size 1024K, 4 young (4096K), 4 survivors (4096K)
 Metaspace       used 117827K, capacity 120757K, committed 120960K, reserved 1155072K
  class space    used 14595K, capacity 15707K, committed 15744K, reserved 1048576K
}
Event: 154.025 GC heap before
{Heap before GC invocations=99 (full 0):
 garbage-first heap   total 608256K, used 235008K [0x0000000080000000, 0x0000000100000000)
  region size 1024K, 29 young (29696K), 4 survivors (4096K)
 Metaspace       used 117913K, capacity 120846K, committed 120960K, reserved 1155072K
  class space    used 14603K, capacity 15712K, committed 15744K, reserved 1048576K
}
Event: 154.100 GC heap after
{Heap after GC invocations=100 (full 0):
 garbage-first heap   total 608256K, used 213304K [0x0000000080000000, 0x0000000100000000)
  region size 1024K, 3 young (3072K), 3 survivors (3072K)
 Metaspace       used 117913K, capacity 120846K, committed 120960K, reserved 1155072K
  class space    used 14603K, capacity 15712K, committed 15744K, reserved 1048576K
}
Event: 154.531 GC heap before
{Heap before GC invocations=100 (full 0):
 garbage-first heap   total 608256K, used 243000K [0x0000000080000000, 0x0000000100000000)
  region size 1024K, 31 young (31744K), 3 survivors (3072K)
 Metaspace       used 117920K, capacity 120846K, committed 120960K, reserved 1155072K
  class space    used 14603K, capacity 15712K, committed 15744K, reserved 1048576K
}
Event: 154.568 GC heap after
{Heap after GC invocations=101 (full 0):
 garbage-first heap   total 608256K, used 217401K [0x0000000080000000, 0x0000000100000000)
  region size 1024K, 2 young (2048K), 2 survivors (2048K)
 Metaspace       used 117920K, capacity 120846K, committed 120960K, reserved 1155072K
  class space    used 14603K, capacity 15712K, committed 15744K, reserved 1048576K
}
Event: 155.167 GC heap before
{Heap before GC invocations=101 (full 0):
 garbage-first heap   total 608256K, used 253241K [0x0000000080000000, 0x0000000100000000)
  region size 1024K, 37 young (37888K), 2 survivors (2048K)
 Metaspace       used 117929K, capacity 120846K, committed 120960K, reserved 1155072K
  class space    used 14603K, capacity 15712K, committed 15744K, reserved 1048576K
}

